<?xml version="1.0" encoding="UTF-8"?>
<robot generator="Robot 6.1.1 (Python 3.12.1 on win32)" generated="20231215 18:53:52.951" rpa="false" schemaversion="4">
<suite id="s1" name="Amazon Testes" source="C:\Users\mathe\Desktop\Automações\Robot\amazon_testes.robot">
<test id="s1-t1" name="Caso de Teste 02 - Pesquisa da Produtos" line="17">
<kw name="Abrir o navegador" library="amazon_resources" type="SETUP">
<kw name="Open Browser" library="SeleniumLibrary">
<arg>browser=chrome</arg>
<doc>Opens a new browser instance to the optional ``url``.</doc>
<msg timestamp="20231215 18:53:53.071" level="INFO">Opening browser 'chrome' to base url 'None'.</msg>
<status status="PASS" starttime="20231215 18:53:53.071" endtime="20231215 18:53:54.381"/>
</kw>
<kw name="Maximize Browser Window" library="SeleniumLibrary">
<doc>Maximizes current browser window.</doc>
<status status="PASS" starttime="20231215 18:53:54.381" endtime="20231215 18:53:54.499"/>
</kw>
<status status="PASS" starttime="20231215 18:53:53.071" endtime="20231215 18:53:54.499"/>
</kw>
<kw name="Acessando a plataforma Amazon" library="amazon_resources">
<kw name="Go To" library="SeleniumLibrary">
<arg>url=${URL}</arg>
<doc>Navigates the current browser window to the provided ``url``.</doc>
<msg timestamp="20231215 18:53:54.500" level="INFO">Opening url 'https://www.amazon.com.br/'</msg>
<status status="PASS" starttime="20231215 18:53:54.499" endtime="20231215 18:53:57.352"/>
</kw>
<kw name="Wait Until Element Is Visible" library="SeleniumLibrary">
<arg>locator=${MENU_ELETRONICOS}</arg>
<doc>Waits until the element ``locator`` is visible.</doc>
<status status="PASS" starttime="20231215 18:53:57.352" endtime="20231215 18:53:57.370"/>
</kw>
<status status="PASS" starttime="20231215 18:53:54.499" endtime="20231215 18:53:57.370"/>
</kw>
<kw name="Digitar o nome do produto &quot;Xbox Series S&quot; no campo de Pesquisa" library="amazon_resources" sourcename="Digitar o nome do produto &quot;${PRODUTO}&quot; no campo de Pesquisa">
<kw name="Input Text" library="SeleniumLibrary">
<arg>locator=//input[contains(@id,'twotabsearchtextbox')]</arg>
<arg>text=${PRODUTO}</arg>
<doc>Types the given ``text`` into the text field identified by ``locator``.</doc>
<msg timestamp="20231215 18:53:57.370" level="INFO">Typing text 'Xbox Series S' into text field '//input[contains(@id,'twotabsearchtextbox')]'.</msg>
<status status="PASS" starttime="20231215 18:53:57.370" endtime="20231215 18:53:57.465"/>
</kw>
<status status="PASS" starttime="20231215 18:53:57.370" endtime="20231215 18:53:57.465"/>
</kw>
<kw name="Clicar no botão Pesquisa" library="amazon_resources">
<kw name="Click Element" library="SeleniumLibrary">
<arg>locator=//input[contains(@id,'nav-search-submit-button')]</arg>
<doc>Click the element identified by ``locator``.</doc>
<msg timestamp="20231215 18:53:57.465" level="INFO">Clicking element '//input[contains(@id,'nav-search-submit-button')]'.</msg>
<status status="PASS" starttime="20231215 18:53:57.465" endtime="20231215 18:53:59.150"/>
</kw>
<status status="PASS" starttime="20231215 18:53:57.465" endtime="20231215 18:53:59.150"/>
</kw>
<kw name="Verificar o resultado da pesquisa se está listando o produto &quot;Console Xbox Series S&quot;" library="amazon_resources" sourcename="Verificar o resultado da pesquisa se está listando o produto &quot;${PRODUTO}&quot;">
<kw name="Wait Until Element Is Visible" library="SeleniumLibrary">
<arg>locator=//span[@class='a-size-base-plus a-color-base a-text-normal'][contains(.,'${PRODUTO}')]</arg>
<doc>Waits until the element ``locator`` is visible.</doc>
<status status="PASS" starttime="20231215 18:53:59.150" endtime="20231215 18:53:59.165"/>
</kw>
<status status="PASS" starttime="20231215 18:53:59.150" endtime="20231215 18:53:59.165"/>
</kw>
<kw name="Fechar o navegador" library="amazon_resources" type="TEARDOWN">
<kw name="Capture Page Screenshot" library="SeleniumLibrary">
<doc>Takes a screenshot of the current page and embeds it into a log file.</doc>
<msg timestamp="20231215 18:53:59.356" level="INFO" html="true">&lt;/td&gt;&lt;/tr&gt;&lt;tr&gt;&lt;td colspan="3"&gt;&lt;a href="selenium-screenshot-3.png"&gt;&lt;img src="selenium-screenshot-3.png" width="800px"&gt;&lt;/a&gt;</msg>
<status status="PASS" starttime="20231215 18:53:59.165" endtime="20231215 18:53:59.356"/>
</kw>
<kw name="Close Browser" library="SeleniumLibrary">
<doc>Closes the current browser.</doc>
<status status="PASS" starttime="20231215 18:53:59.356" endtime="20231215 18:54:01.430"/>
</kw>
<status status="PASS" starttime="20231215 18:53:59.165" endtime="20231215 18:54:01.430"/>
</kw>
<doc>Esse teste verificar a busca de um produto</doc>
<tag>busca_produtos lista_busca</tag>
<status status="PASS" starttime="20231215 18:53:53.070" endtime="20231215 18:54:01.430"/>
</test>
<doc>Essa suite testa o site da Zenvia</doc>
<status status="PASS" starttime="20231215 18:53:52.951" endtime="20231215 18:54:01.431"/>
</suite>
<statistics>
<total>
<stat pass="1" fail="0" skip="0">All Tests</stat>
</total>
<tag>
<stat pass="1" fail="0" skip="0">busca_produtos lista_busca</stat>
</tag>
<suite>
<stat pass="1" fail="0" skip="0" id="s1" name="Amazon Testes">Amazon Testes</stat>
</suite>
</statistics>
<errors>
</errors>
</robot>
